<?xml version="1.0" encoding="UTF-8"?>
<testsuite name="mk.ukim.finki.SILab2Test" tests="2" skipped="0" failures="0" errors="0" timestamp="2023-05-31T19:54:40" hostname="DESKTOP-SHJJ2P5" time="0.054">
  <properties/>
  <testcase name="multipleConditionsTest()" classname="mk.ukim.finki.SILab2Test" time="0.048"/>
  <testcase name="function()" classname="mk.ukim.finki.SILab2Test" time="0.004"/>
  <system-out><![CDATA[]]></system-out>
  <system-err><![CDATA[]]></system-err>
</testsuite>
